[2025-04-28 07:00:00] [INFO] System boot initiated
[2025-04-28 07:05:00] [INFO] Kernel version: 5.15.0-70-generic
[2025-04-28 07:10:00] [INFO] Filesystem check completed successfully
[2025-04-28 07:15:00] [WARNING] Disk usage exceeds 85% on /dev/sda1
[2025-04-28 07:20:00] [INFO] Network interface eth0 initialized
[2025-04-28 07:25:00] [INFO] DHCP lease obtained: 192.168.1.100
[2025-04-28 07:30:00] [INFO] System clock synchronized with NTP server
[2025-04-28 07:35:00] [INFO] User login: root from 192.168.1.101
[2025-04-28 07:40:00] [WARNING] High memory usage detected: 3.5GB/4GB
[2025-04-28 07:45:00] [INFO] Scheduled backup started
[2025-04-28 07:50:00] [INFO] Backup completed successfully
[2025-04-28 07:55:00] [ERROR] Failed to mount external drive: /dev/sdb1
[2025-04-28 08:00:00] [INFO] System health check completed
[2025-04-28 08:05:00] [WARNING] CPU temperature exceeds 75°C
[2025-04-28 08:10:00] [INFO] User logout: root
[2025-04-28 08:15:00] [INFO] System entering idle state
[2025-04-28 08:20:00] [INFO] User login: admin from 192.168.1.102
[2025-04-28 08:25:00] [INFO] File upload completed: backup.tar.gz
[2025-04-28 08:30:00] [WARNING] Network latency detected: 250ms
[2025-04-28 08:35:00] [INFO] User logout: admin
[2025-04-28 08:40:00] [INFO] System entering idle state
[2025-04-28 08:45:00] [INFO] User login: tester1 from 192.168.1.103
[2025-04-28 08:50:00] [INFO] File download completed: report.pdf
[2025-04-28 08:55:00] [WARNING] Disk usage exceeds 90% on /dev/sda1
[2025-04-28 09:00:00] [INFO] User logout: tester1
[2025-04-28 09:05:00] [INFO] System entering idle state
[2025-04-28 09:10:00] [INFO] User login: tester2 from 192.168.1.104
[2025-04-28 09:15:00] [INFO] File upload completed: data.csv
[2025-04-28 09:20:00] [WARNING] High memory usage detected: 3.8GB/4GB
[2025-04-28 09:25:00] [INFO] User logout: tester2
[2025-04-28 09:30:00] [INFO] System entering idle state
[2025-04-28 09:35:00] [INFO] User login: admin from 192.168.1.102
[2025-04-28 09:40:00] [INFO] File download completed: logs.zip
[2025-04-28 09:45:00] [WARNING] Disk usage exceeds 95% on /dev/sda1
[2025-04-28 09:50:00] [INFO] User logout: admin
[2025-04-28 09:55:00] [INFO] System entering idle state
[2025-04-28 10:00:00] [INFO] System health check completed
